d:\aslan systeme gekauft\greenwaytestordner\source-client\client\eterlocale\release\eterlocale.pch
d:\aslan systeme gekauft\greenwaytestordner\source-client\client\eterlocale\release\eterlocale.pdb
d:\aslan systeme gekauft\greenwaytestordner\source-client\client\eterlocale\release\stdafx.obj
d:\aslan systeme gekauft\greenwaytestordner\source-client\client\eterlocale\release\japanese.obj
d:\aslan systeme gekauft\greenwaytestordner\source-client\client\eterlocale\release\stringcodec.obj
d:\aslan systeme gekauft\greenwaytestordner\source-client\client\eterlocale\release\arabic.obj
d:\aslan systeme gekauft\greenwaytestordner\source-client\client\eterlocale\release\stringcodec_vietnamese.obj
d:\aslan systeme gekauft\greenwaytestordner\source-client\client\eterlocale\release\eterlocale.lib
e:\newway2-github\newway2\client\eterlocale\release\arabic.obj
e:\newway2-github\newway2\client\eterlocale\release\japanese.obj
e:\newway2-github\newway2\client\eterlocale\release\stdafx.obj
e:\newway2-github\newway2\client\eterlocale\release\stringcodec.obj
e:\newway2-github\newway2\client\eterlocale\release\stringcodec_vietnamese.obj
e:\newway2-github\newway2\client\eterlocale\release\eterlocale.pch
e:\newway2-github\newway2\client\eterlocale\release\eterlocale.pdb
e:\newway2-github\newway2\client\eterlocale\release\eterlocale.lib
e:\newway2-github\newway2\client\eterlocale\release\eterlocale.tlog\cl.command.1.tlog
e:\newway2-github\newway2\client\eterlocale\release\eterlocale.tlog\cl.read.1.tlog
e:\newway2-github\newway2\client\eterlocale\release\eterlocale.tlog\cl.write.1.tlog
e:\newway2-github\newway2\client\eterlocale\release\eterlocale.tlog\lib-link.read.1.tlog
e:\newway2-github\newway2\client\eterlocale\release\eterlocale.tlog\lib-link.write.1.tlog
e:\newway2-github\newway2\client\eterlocale\release\eterlocale.tlog\lib.command.1.tlog
