d:\aslan systeme gekauft\greenwaytestordner\source-client\client\speedtreelib\release\speedtreelib.pch
d:\aslan systeme gekauft\greenwaytestordner\source-client\client\speedtreelib\release\speedtreelib.pdb
d:\aslan systeme gekauft\greenwaytestordner\source-client\client\speedtreelib\release\stdafx.obj
d:\aslan systeme gekauft\greenwaytestordner\source-client\client\speedtreelib\release\boundaryshapemanager.obj
d:\aslan systeme gekauft\greenwaytestordner\source-client\client\speedtreelib\release\speedtreeforest.obj
d:\aslan systeme gekauft\greenwaytestordner\source-client\client\speedtreelib\release\speedgrasswrapper.obj
d:\aslan systeme gekauft\greenwaytestordner\source-client\client\speedtreelib\release\speedtreeforestdirectx8.obj
d:\aslan systeme gekauft\greenwaytestordner\source-client\client\speedtreelib\release\speedgrassrt.obj
d:\aslan systeme gekauft\greenwaytestordner\source-client\client\speedtreelib\release\speedtreewrapper.obj
d:\aslan systeme gekauft\greenwaytestordner\source-client\client\speedtreelib\release\speedtreelib.lib
e:\newway2-github\newway2\client\speedtreelib\release\boundaryshapemanager.obj
e:\newway2-github\newway2\client\speedtreelib\release\speedgrassrt.obj
e:\newway2-github\newway2\client\speedtreelib\release\speedgrasswrapper.obj
e:\newway2-github\newway2\client\speedtreelib\release\speedtreeforest.obj
e:\newway2-github\newway2\client\speedtreelib\release\speedtreeforestdirectx8.obj
e:\newway2-github\newway2\client\speedtreelib\release\speedtreewrapper.obj
e:\newway2-github\newway2\client\speedtreelib\release\stdafx.obj
e:\newway2-github\newway2\client\speedtreelib\release\speedtreelib.pch
e:\newway2-github\newway2\client\speedtreelib\release\speedtreelib.pdb
e:\newway2-github\newway2\client\speedtreelib\release\speedtreelib.lib
e:\newway2-github\newway2\client\speedtreelib\release\speedtreelib.tlog\cl.command.1.tlog
e:\newway2-github\newway2\client\speedtreelib\release\speedtreelib.tlog\cl.read.1.tlog
e:\newway2-github\newway2\client\speedtreelib\release\speedtreelib.tlog\cl.write.1.tlog
e:\newway2-github\newway2\client\speedtreelib\release\speedtreelib.tlog\lib-link.read.1.tlog
e:\newway2-github\newway2\client\speedtreelib\release\speedtreelib.tlog\lib-link.write.1.tlog
e:\newway2-github\newway2\client\speedtreelib\release\speedtreelib.tlog\lib.command.1.tlog
