d:\aslan systeme gekauft\greenwaytestordner\source-client\client\scriptlib\release\scriptlib.pch
d:\aslan systeme gekauft\greenwaytestordner\source-client\client\scriptlib\release\scriptlib.pdb
d:\aslan systeme gekauft\greenwaytestordner\source-client\client\scriptlib\release\stdafx.obj
d:\aslan systeme gekauft\greenwaytestordner\source-client\client\scriptlib\release\pythonmarshal.obj
d:\aslan systeme gekauft\greenwaytestordner\source-client\client\scriptlib\release\pythonutils.obj
d:\aslan systeme gekauft\greenwaytestordner\source-client\client\scriptlib\release\pythonlauncher.obj
d:\aslan systeme gekauft\greenwaytestordner\source-client\client\scriptlib\release\pythondebugmodule.obj
d:\aslan systeme gekauft\greenwaytestordner\source-client\client\scriptlib\release\resource.obj
d:\aslan systeme gekauft\greenwaytestordner\source-client\client\scriptlib\release\scriptlib.lib
e:\newway2-github\newway2\client\scriptlib\release\pythondebugmodule.obj
e:\newway2-github\newway2\client\scriptlib\release\pythonlauncher.obj
e:\newway2-github\newway2\client\scriptlib\release\pythonmarshal.obj
e:\newway2-github\newway2\client\scriptlib\release\pythonutils.obj
e:\newway2-github\newway2\client\scriptlib\release\resource.obj
e:\newway2-github\newway2\client\scriptlib\release\stdafx.obj
e:\newway2-github\newway2\client\scriptlib\release\scriptlib.pch
e:\newway2-github\newway2\client\scriptlib\release\scriptlib.pdb
e:\newway2-github\newway2\client\scriptlib\release\scriptlib.lib
e:\newway2-github\newway2\client\scriptlib\release\scriptlib.tlog\cl.command.1.tlog
e:\newway2-github\newway2\client\scriptlib\release\scriptlib.tlog\cl.read.1.tlog
e:\newway2-github\newway2\client\scriptlib\release\scriptlib.tlog\cl.write.1.tlog
e:\newway2-github\newway2\client\scriptlib\release\scriptlib.tlog\lib-link.read.1.tlog
e:\newway2-github\newway2\client\scriptlib\release\scriptlib.tlog\lib-link.write.1.tlog
e:\newway2-github\newway2\client\scriptlib\release\scriptlib.tlog\lib.command.1.tlog
