d:\aslan systeme gekauft\greenwaytestordner\source-client\client\eterimagelib\release\eterimagelib.pch
d:\aslan systeme gekauft\greenwaytestordner\source-client\client\eterimagelib\release\eterimagelib.pdb
d:\aslan systeme gekauft\greenwaytestordner\source-client\client\eterimagelib\release\stdafx.obj
d:\aslan systeme gekauft\greenwaytestordner\source-client\client\eterimagelib\release\tgaimage.obj
d:\aslan systeme gekauft\greenwaytestordner\source-client\client\eterimagelib\release\image.obj
d:\aslan systeme gekauft\greenwaytestordner\source-client\client\eterimagelib\release\dxtcimage.obj
d:\aslan systeme gekauft\greenwaytestordner\source-client\client\eterimagelib\release\eterimagelib.lib
e:\newway2-github\newway2\client\eterimagelib\release\dxtcimage.obj
e:\newway2-github\newway2\client\eterimagelib\release\image.obj
e:\newway2-github\newway2\client\eterimagelib\release\stdafx.obj
e:\newway2-github\newway2\client\eterimagelib\release\tgaimage.obj
e:\newway2-github\newway2\client\eterimagelib\release\eterimagelib.pch
e:\newway2-github\newway2\client\eterimagelib\release\eterimagelib.pdb
e:\newway2-github\newway2\client\eterimagelib\release\eterimagelib.lib
e:\newway2-github\newway2\client\eterimagelib\release\eterimagelib.tlog\cl.command.1.tlog
e:\newway2-github\newway2\client\eterimagelib\release\eterimagelib.tlog\cl.read.1.tlog
e:\newway2-github\newway2\client\eterimagelib\release\eterimagelib.tlog\cl.write.1.tlog
e:\newway2-github\newway2\client\eterimagelib\release\eterimagelib.tlog\lib-link.read.1.tlog
e:\newway2-github\newway2\client\eterimagelib\release\eterimagelib.tlog\lib-link.write.1.tlog
e:\newway2-github\newway2\client\eterimagelib\release\eterimagelib.tlog\lib.command.1.tlog
