d:\aslan systeme gekauft\greenwaytestordner\source-client\client\mileslib\release\mileslib.pch
d:\aslan systeme gekauft\greenwaytestordner\source-client\client\mileslib\release\mileslib.pdb
d:\aslan systeme gekauft\greenwaytestordner\source-client\client\mileslib\release\stdafx.obj
d:\aslan systeme gekauft\greenwaytestordner\source-client\client\mileslib\release\soundinstance3d.obj
d:\aslan systeme gekauft\greenwaytestordner\source-client\client\mileslib\release\soundinstancestream.obj
d:\aslan systeme gekauft\greenwaytestordner\source-client\client\mileslib\release\soundmanager3d.obj
d:\aslan systeme gekauft\greenwaytestordner\source-client\client\mileslib\release\soundbase.obj
d:\aslan systeme gekauft\greenwaytestordner\source-client\client\mileslib\release\soundmanager2d.obj
d:\aslan systeme gekauft\greenwaytestordner\source-client\client\mileslib\release\soundmanagerstream.obj
d:\aslan systeme gekauft\greenwaytestordner\source-client\client\mileslib\release\soundinstance2d.obj
d:\aslan systeme gekauft\greenwaytestordner\source-client\client\mileslib\release\soundmanager.obj
d:\aslan systeme gekauft\greenwaytestordner\source-client\client\mileslib\release\type.obj
d:\aslan systeme gekauft\greenwaytestordner\source-client\client\mileslib\release\sounddata.obj
d:\aslan systeme gekauft\greenwaytestordner\source-client\client\mileslib\release\mileslib.lib
e:\newway2-github\newway2\client\mileslib\release\soundbase.obj
e:\newway2-github\newway2\client\mileslib\release\sounddata.obj
e:\newway2-github\newway2\client\mileslib\release\soundinstance2d.obj
e:\newway2-github\newway2\client\mileslib\release\soundinstance3d.obj
e:\newway2-github\newway2\client\mileslib\release\soundinstancestream.obj
e:\newway2-github\newway2\client\mileslib\release\soundmanager.obj
e:\newway2-github\newway2\client\mileslib\release\soundmanager2d.obj
e:\newway2-github\newway2\client\mileslib\release\soundmanager3d.obj
e:\newway2-github\newway2\client\mileslib\release\soundmanagerstream.obj
e:\newway2-github\newway2\client\mileslib\release\stdafx.obj
e:\newway2-github\newway2\client\mileslib\release\type.obj
e:\newway2-github\newway2\client\mileslib\release\mileslib.pch
e:\newway2-github\newway2\client\mileslib\release\mileslib.pdb
e:\newway2-github\newway2\client\mileslib\release\mileslib.lib
e:\newway2-github\newway2\client\mileslib\release\mileslib.tlog\cl.command.1.tlog
e:\newway2-github\newway2\client\mileslib\release\mileslib.tlog\cl.read.1.tlog
e:\newway2-github\newway2\client\mileslib\release\mileslib.tlog\cl.write.1.tlog
e:\newway2-github\newway2\client\mileslib\release\mileslib.tlog\lib-link.read.1.tlog
e:\newway2-github\newway2\client\mileslib\release\mileslib.tlog\lib-link.write.1.tlog
e:\newway2-github\newway2\client\mileslib\release\mileslib.tlog\lib.command.1.tlog
