d:\aslan systeme gekauft\greenwaytestordner\source-client\client\etergrnlib\release\etergrnlib.pch
d:\aslan systeme gekauft\greenwaytestordner\source-client\client\etergrnlib\release\etergrnlib.pdb
d:\aslan systeme gekauft\greenwaytestordner\source-client\client\etergrnlib\release\stdafx.obj
d:\aslan systeme gekauft\greenwaytestordner\source-client\client\etergrnlib\release\model.obj
d:\aslan systeme gekauft\greenwaytestordner\source-client\client\etergrnlib\release\modelinstancecollisiondetection.obj
d:\aslan systeme gekauft\greenwaytestordner\source-client\client\etergrnlib\release\modelinstancerender.obj
d:\aslan systeme gekauft\greenwaytestordner\source-client\client\etergrnlib\release\material.obj
d:\aslan systeme gekauft\greenwaytestordner\source-client\client\etergrnlib\release\modelinstancemotion.obj
d:\aslan systeme gekauft\greenwaytestordner\source-client\client\etergrnlib\release\modelinstanceupdate.obj
d:\aslan systeme gekauft\greenwaytestordner\source-client\client\etergrnlib\release\util.obj
d:\aslan systeme gekauft\greenwaytestordner\source-client\client\etergrnlib\release\lodcontroller.obj
d:\aslan systeme gekauft\greenwaytestordner\source-client\client\etergrnlib\release\modelinstancemodel.obj
d:\aslan systeme gekauft\greenwaytestordner\source-client\client\etergrnlib\release\motion.obj
d:\aslan systeme gekauft\greenwaytestordner\source-client\client\etergrnlib\release\thing.obj
d:\aslan systeme gekauft\greenwaytestordner\source-client\client\etergrnlib\release\mesh.obj
d:\aslan systeme gekauft\greenwaytestordner\source-client\client\etergrnlib\release\modelinstance.obj
d:\aslan systeme gekauft\greenwaytestordner\source-client\client\etergrnlib\release\thinginstance.obj
d:\aslan systeme gekauft\greenwaytestordner\source-client\client\etergrnlib\release\etergrnlib.lib
e:\newway2-github\newway2\client\etergrnlib\release\lodcontroller.obj
e:\newway2-github\newway2\client\etergrnlib\release\material.obj
e:\newway2-github\newway2\client\etergrnlib\release\mesh.obj
e:\newway2-github\newway2\client\etergrnlib\release\model.obj
e:\newway2-github\newway2\client\etergrnlib\release\modelinstance.obj
e:\newway2-github\newway2\client\etergrnlib\release\modelinstancecollisiondetection.obj
e:\newway2-github\newway2\client\etergrnlib\release\modelinstancemodel.obj
e:\newway2-github\newway2\client\etergrnlib\release\modelinstancemotion.obj
e:\newway2-github\newway2\client\etergrnlib\release\modelinstancerender.obj
e:\newway2-github\newway2\client\etergrnlib\release\modelinstanceupdate.obj
e:\newway2-github\newway2\client\etergrnlib\release\motion.obj
e:\newway2-github\newway2\client\etergrnlib\release\stdafx.obj
e:\newway2-github\newway2\client\etergrnlib\release\thing.obj
e:\newway2-github\newway2\client\etergrnlib\release\thinginstance.obj
e:\newway2-github\newway2\client\etergrnlib\release\util.obj
e:\newway2-github\newway2\client\etergrnlib\release\etergrnlib.pch
e:\newway2-github\newway2\client\etergrnlib\release\etergrnlib.pdb
e:\newway2-github\newway2\client\etergrnlib\release\etergrnlib.lib
e:\newway2-github\newway2\client\etergrnlib\release\etergrnlib.tlog\cl.command.1.tlog
e:\newway2-github\newway2\client\etergrnlib\release\etergrnlib.tlog\cl.read.1.tlog
e:\newway2-github\newway2\client\etergrnlib\release\etergrnlib.tlog\cl.write.1.tlog
e:\newway2-github\newway2\client\etergrnlib\release\etergrnlib.tlog\lib-link.read.1.tlog
e:\newway2-github\newway2\client\etergrnlib\release\etergrnlib.tlog\lib-link.write.1.tlog
e:\newway2-github\newway2\client\etergrnlib\release\etergrnlib.tlog\lib.command.1.tlog
