d:\aslan systeme gekauft\greenwaytestordner\source-client\client\gamelib\release\gamelib.pch
d:\aslan systeme gekauft\greenwaytestordner\source-client\client\gamelib\release\gamelib.pdb
d:\aslan systeme gekauft\greenwaytestordner\source-client\client\gamelib\release\stdafx.obj
d:\aslan systeme gekauft\greenwaytestordner\source-client\client\gamelib\release\actorinstanceattach.obj
d:\aslan systeme gekauft\greenwaytestordner\source-client\client\gamelib\release\actorinstanceevent.obj
d:\aslan systeme gekauft\greenwaytestordner\source-client\client\gamelib\release\actorinstancemotion.obj
d:\aslan systeme gekauft\greenwaytestordner\source-client\client\gamelib\release\actorinstancesync.obj
d:\aslan systeme gekauft\greenwaytestordner\source-client\client\gamelib\release\racemotiondata.obj
d:\aslan systeme gekauft\greenwaytestordner\source-client\client\gamelib\release\arealoaderthread.obj
d:\aslan systeme gekauft\greenwaytestordner\source-client\client\gamelib\release\mapmanager.obj
d:\aslan systeme gekauft\greenwaytestordner\source-client\client\gamelib\release\mapoutdoorindexbuffer.obj
d:\aslan systeme gekauft\greenwaytestordner\source-client\client\gamelib\release\mapoutdoorrenderstp.obj
d:\aslan systeme gekauft\greenwaytestordner\source-client\client\gamelib\release\mapoutdoorwater.obj
d:\aslan systeme gekauft\greenwaytestordner\source-client\client\gamelib\release\maputil.obj
d:\aslan systeme gekauft\greenwaytestordner\source-client\client\gamelib\release\property.obj
d:\aslan systeme gekauft\greenwaytestordner\source-client\client\gamelib\release\terraindecal.obj
d:\aslan systeme gekauft\greenwaytestordner\source-client\client\gamelib\release\gameutil.obj
d:\aslan systeme gekauft\greenwaytestordner\source-client\client\gamelib\release\itemmanager.obj
d:\aslan systeme gekauft\greenwaytestordner\source-client\client\gamelib\release\actorinstanceblend.obj
d:\aslan systeme gekauft\greenwaytestordner\source-client\client\gamelib\release\actorinstancecollisiondetection.obj
d:\aslan systeme gekauft\greenwaytestordner\source-client\client\gamelib\release\actorinstanceposition.obj
d:\aslan systeme gekauft\greenwaytestordner\source-client\client\gamelib\release\actorinstancerotation.obj
d:\aslan systeme gekauft\greenwaytestordner\source-client\client\gamelib\release\racedatafile.obj
d:\aslan systeme gekauft\greenwaytestordner\source-client\client\gamelib\release\area.obj
d:\aslan systeme gekauft\greenwaytestordner\source-client\client\gamelib\release\mapoutdoorquadtree.obj
d:\aslan systeme gekauft\greenwaytestordner\source-client\client\gamelib\release\mapoutdoorrenderhtp.obj
d:\aslan systeme gekauft\greenwaytestordner\source-client\client\gamelib\release\mapoutdoorupdate.obj
d:\aslan systeme gekauft\greenwaytestordner\source-client\client\gamelib\release\propertymanager.obj
d:\aslan systeme gekauft\greenwaytestordner\source-client\client\gamelib\release\itemdata.obj
d:\aslan systeme gekauft\greenwaytestordner\source-client\client\gamelib\release\flyingdata.obj
d:\aslan systeme gekauft\greenwaytestordner\source-client\client\gamelib\release\flytarget.obj
d:\aslan systeme gekauft\greenwaytestordner\source-client\client\gamelib\release\flytrace.obj
d:\aslan systeme gekauft\greenwaytestordner\source-client\client\gamelib\release\actorinstancebattle.obj
d:\aslan systeme gekauft\greenwaytestordner\source-client\client\gamelib\release\actorinstancedata.obj
d:\aslan systeme gekauft\greenwaytestordner\source-client\client\gamelib\release\actorinstancemotionevent.obj
d:\aslan systeme gekauft\greenwaytestordner\source-client\client\gamelib\release\actorinstanceweapontrace.obj
d:\aslan systeme gekauft\greenwaytestordner\source-client\client\gamelib\release\racemanager.obj
d:\aslan systeme gekauft\greenwaytestordner\source-client\client\gamelib\release\mapbase.obj
d:\aslan systeme gekauft\greenwaytestordner\source-client\client\gamelib\release\mapoutdoor.obj
d:\aslan systeme gekauft\greenwaytestordner\source-client\client\gamelib\release\mapoutdoorload.obj
d:\aslan systeme gekauft\greenwaytestordner\source-client\client\gamelib\release\gametype.obj
d:\aslan systeme gekauft\greenwaytestordner\source-client\client\gamelib\release\flyingobjectmanager.obj
d:\aslan systeme gekauft\greenwaytestordner\source-client\client\gamelib\release\actorinstance.obj
d:\aslan systeme gekauft\greenwaytestordner\source-client\client\gamelib\release\actorinstancefly.obj
d:\aslan systeme gekauft\greenwaytestordner\source-client\client\gamelib\release\actorinstancerender.obj
d:\aslan systeme gekauft\greenwaytestordner\source-client\client\gamelib\release\dungeonblock.obj
d:\aslan systeme gekauft\greenwaytestordner\source-client\client\gamelib\release\physicsobject.obj
d:\aslan systeme gekauft\greenwaytestordner\source-client\client\gamelib\release\racedata.obj
d:\aslan systeme gekauft\greenwaytestordner\source-client\client\gamelib\release\weapontrace.obj
d:\aslan systeme gekauft\greenwaytestordner\source-client\client\gamelib\release\areaterrain.obj
d:\aslan systeme gekauft\greenwaytestordner\source-client\client\gamelib\release\mapoutdoorcharactershadow.obj
d:\aslan systeme gekauft\greenwaytestordner\source-client\client\gamelib\release\mapoutdoorrender.obj
d:\aslan systeme gekauft\greenwaytestordner\source-client\client\gamelib\release\maptype.obj
d:\aslan systeme gekauft\greenwaytestordner\source-client\client\gamelib\release\monsterareainfo.obj
d:\aslan systeme gekauft\greenwaytestordner\source-client\client\gamelib\release\propertyloader.obj
d:\aslan systeme gekauft\greenwaytestordner\source-client\client\gamelib\release\snowenvironment.obj
d:\aslan systeme gekauft\greenwaytestordner\source-client\client\gamelib\release\snowparticle.obj
d:\aslan systeme gekauft\greenwaytestordner\source-client\client\gamelib\release\terrainpatch.obj
d:\aslan systeme gekauft\greenwaytestordner\source-client\client\gamelib\release\terrainquadtree.obj
d:\aslan systeme gekauft\greenwaytestordner\source-client\client\gamelib\release\gameeventmanager.obj
d:\aslan systeme gekauft\greenwaytestordner\source-client\client\gamelib\release\flyinginstance.obj
d:\aslan systeme gekauft\greenwaytestordner\source-client\client\gamelib\release\gamelib.lib
e:\newway2-github\newway2\client\gamelib\release\actorinstance.obj
e:\newway2-github\newway2\client\gamelib\release\actorinstanceattach.obj
e:\newway2-github\newway2\client\gamelib\release\actorinstancebattle.obj
e:\newway2-github\newway2\client\gamelib\release\actorinstanceblend.obj
e:\newway2-github\newway2\client\gamelib\release\actorinstancecollisiondetection.obj
e:\newway2-github\newway2\client\gamelib\release\actorinstancedata.obj
e:\newway2-github\newway2\client\gamelib\release\actorinstanceevent.obj
e:\newway2-github\newway2\client\gamelib\release\actorinstancefly.obj
e:\newway2-github\newway2\client\gamelib\release\actorinstancemotion.obj
e:\newway2-github\newway2\client\gamelib\release\actorinstancemotionevent.obj
e:\newway2-github\newway2\client\gamelib\release\actorinstanceposition.obj
e:\newway2-github\newway2\client\gamelib\release\actorinstancerender.obj
e:\newway2-github\newway2\client\gamelib\release\actorinstancerotation.obj
e:\newway2-github\newway2\client\gamelib\release\actorinstancesync.obj
e:\newway2-github\newway2\client\gamelib\release\actorinstanceweapontrace.obj
e:\newway2-github\newway2\client\gamelib\release\area.obj
e:\newway2-github\newway2\client\gamelib\release\arealoaderthread.obj
e:\newway2-github\newway2\client\gamelib\release\areaterrain.obj
e:\newway2-github\newway2\client\gamelib\release\dungeonblock.obj
e:\newway2-github\newway2\client\gamelib\release\flyingdata.obj
e:\newway2-github\newway2\client\gamelib\release\flyinginstance.obj
e:\newway2-github\newway2\client\gamelib\release\flyingobjectmanager.obj
e:\newway2-github\newway2\client\gamelib\release\flytarget.obj
e:\newway2-github\newway2\client\gamelib\release\flytrace.obj
e:\newway2-github\newway2\client\gamelib\release\gameeventmanager.obj
e:\newway2-github\newway2\client\gamelib\release\gametype.obj
e:\newway2-github\newway2\client\gamelib\release\gameutil.obj
e:\newway2-github\newway2\client\gamelib\release\itemdata.obj
e:\newway2-github\newway2\client\gamelib\release\itemmanager.obj
e:\newway2-github\newway2\client\gamelib\release\mapbase.obj
e:\newway2-github\newway2\client\gamelib\release\mapmanager.obj
e:\newway2-github\newway2\client\gamelib\release\mapoutdoor.obj
e:\newway2-github\newway2\client\gamelib\release\mapoutdoorcharactershadow.obj
e:\newway2-github\newway2\client\gamelib\release\mapoutdoorindexbuffer.obj
e:\newway2-github\newway2\client\gamelib\release\mapoutdoorload.obj
e:\newway2-github\newway2\client\gamelib\release\mapoutdoorquadtree.obj
e:\newway2-github\newway2\client\gamelib\release\mapoutdoorrender.obj
e:\newway2-github\newway2\client\gamelib\release\mapoutdoorrenderhtp.obj
e:\newway2-github\newway2\client\gamelib\release\mapoutdoorrenderstp.obj
e:\newway2-github\newway2\client\gamelib\release\mapoutdoorupdate.obj
e:\newway2-github\newway2\client\gamelib\release\mapoutdoorwater.obj
e:\newway2-github\newway2\client\gamelib\release\maptype.obj
e:\newway2-github\newway2\client\gamelib\release\maputil.obj
e:\newway2-github\newway2\client\gamelib\release\monsterareainfo.obj
e:\newway2-github\newway2\client\gamelib\release\physicsobject.obj
e:\newway2-github\newway2\client\gamelib\release\property.obj
e:\newway2-github\newway2\client\gamelib\release\propertyloader.obj
e:\newway2-github\newway2\client\gamelib\release\propertymanager.obj
e:\newway2-github\newway2\client\gamelib\release\racedata.obj
e:\newway2-github\newway2\client\gamelib\release\racedatafile.obj
e:\newway2-github\newway2\client\gamelib\release\racemanager.obj
e:\newway2-github\newway2\client\gamelib\release\racemotiondata.obj
e:\newway2-github\newway2\client\gamelib\release\snowenvironment.obj
e:\newway2-github\newway2\client\gamelib\release\snowparticle.obj
e:\newway2-github\newway2\client\gamelib\release\stdafx.obj
e:\newway2-github\newway2\client\gamelib\release\terraindecal.obj
e:\newway2-github\newway2\client\gamelib\release\terrainpatch.obj
e:\newway2-github\newway2\client\gamelib\release\terrainquadtree.obj
e:\newway2-github\newway2\client\gamelib\release\weapontrace.obj
e:\newway2-github\newway2\client\gamelib\release\gamelib.pch
e:\newway2-github\newway2\client\gamelib\release\gamelib.pdb
e:\newway2-github\newway2\client\gamelib\release\gamelib.lib
e:\newway2-github\newway2\client\gamelib\release\gamelib.tlog\cl.command.1.tlog
e:\newway2-github\newway2\client\gamelib\release\gamelib.tlog\cl.read.1.tlog
e:\newway2-github\newway2\client\gamelib\release\gamelib.tlog\cl.write.1.tlog
e:\newway2-github\newway2\client\gamelib\release\gamelib.tlog\lib-link.read.1.tlog
e:\newway2-github\newway2\client\gamelib\release\gamelib.tlog\lib-link.write.1.tlog
e:\newway2-github\newway2\client\gamelib\release\gamelib.tlog\lib.command.1.tlog
