d:\aslan systeme gekauft\greenwaytestordner\source-client\client\spherelib\release\spherelib.pch
d:\aslan systeme gekauft\greenwaytestordner\source-client\client\spherelib\release\spherelib.pdb
d:\aslan systeme gekauft\greenwaytestordner\source-client\client\spherelib\release\stdafx.obj
d:\aslan systeme gekauft\greenwaytestordner\source-client\client\spherelib\release\frustum.obj
d:\aslan systeme gekauft\greenwaytestordner\source-client\client\spherelib\release\sphere.obj
d:\aslan systeme gekauft\greenwaytestordner\source-client\client\spherelib\release\spherepack.obj
d:\aslan systeme gekauft\greenwaytestordner\source-client\client\spherelib\release\spherelib.lib
e:\newway2-github\newway2\client\spherelib\release\frustum.obj
e:\newway2-github\newway2\client\spherelib\release\sphere.obj
e:\newway2-github\newway2\client\spherelib\release\spherepack.obj
e:\newway2-github\newway2\client\spherelib\release\stdafx.obj
e:\newway2-github\newway2\client\spherelib\release\spherelib.pch
e:\newway2-github\newway2\client\spherelib\release\spherelib.pdb
e:\newway2-github\newway2\client\spherelib\release\spherelib.lib
e:\newway2-github\newway2\client\spherelib\release\spherelib.tlog\cl.command.1.tlog
e:\newway2-github\newway2\client\spherelib\release\spherelib.tlog\cl.read.1.tlog
e:\newway2-github\newway2\client\spherelib\release\spherelib.tlog\cl.write.1.tlog
e:\newway2-github\newway2\client\spherelib\release\spherelib.tlog\lib-link.read.1.tlog
e:\newway2-github\newway2\client\spherelib\release\spherelib.tlog\lib-link.write.1.tlog
e:\newway2-github\newway2\client\spherelib\release\spherelib.tlog\lib.command.1.tlog
