d:\aslan systeme gekauft\greenwaytestordner\source-client\client\eterpythonlib\release\eterpythonlib.pch
d:\aslan systeme gekauft\greenwaytestordner\source-client\client\eterpythonlib\release\eterpythonlib.pdb
d:\aslan systeme gekauft\greenwaytestordner\source-client\client\eterpythonlib\release\stdafx.obj
d:\aslan systeme gekauft\greenwaytestordner\source-client\client\eterpythonlib\release\pythonwindowmanager.obj
d:\aslan systeme gekauft\greenwaytestordner\source-client\client\eterpythonlib\release\pythongraphicthingmodule.obj
d:\aslan systeme gekauft\greenwaytestordner\source-client\client\eterpythonlib\release\pythongridslotwindow.obj
d:\aslan systeme gekauft\greenwaytestordner\source-client\client\eterpythonlib\release\pythongraphic.obj
d:\aslan systeme gekauft\greenwaytestordner\source-client\client\eterpythonlib\release\pythongraphictextmodule.obj
d:\aslan systeme gekauft\greenwaytestordner\source-client\client\eterpythonlib\release\pythonwindow.obj
d:\aslan systeme gekauft\greenwaytestordner\source-client\client\eterpythonlib\release\pythonslotwindow.obj
d:\aslan systeme gekauft\greenwaytestordner\source-client\client\eterpythonlib\release\pythonwindowmanagermodule.obj
d:\aslan systeme gekauft\greenwaytestordner\source-client\client\eterpythonlib\release\pythongraphicimagemodule.obj
d:\aslan systeme gekauft\greenwaytestordner\source-client\client\eterpythonlib\release\pythongraphicmodule.obj
d:\aslan systeme gekauft\greenwaytestordner\source-client\client\eterpythonlib\release\eterpythonlib.lib
e:\newway2-github\newway2\client\eterpythonlib\release\pythongraphic.obj
e:\newway2-github\newway2\client\eterpythonlib\release\pythongraphicimagemodule.obj
e:\newway2-github\newway2\client\eterpythonlib\release\pythongraphicmodule.obj
e:\newway2-github\newway2\client\eterpythonlib\release\pythongraphictextmodule.obj
e:\newway2-github\newway2\client\eterpythonlib\release\pythongraphicthingmodule.obj
e:\newway2-github\newway2\client\eterpythonlib\release\pythongridslotwindow.obj
e:\newway2-github\newway2\client\eterpythonlib\release\pythonslotwindow.obj
e:\newway2-github\newway2\client\eterpythonlib\release\pythonwindow.obj
e:\newway2-github\newway2\client\eterpythonlib\release\pythonwindowmanager.obj
e:\newway2-github\newway2\client\eterpythonlib\release\pythonwindowmanagermodule.obj
e:\newway2-github\newway2\client\eterpythonlib\release\stdafx.obj
e:\newway2-github\newway2\client\eterpythonlib\release\eterpythonlib.pch
e:\newway2-github\newway2\client\eterpythonlib\release\eterpythonlib.pdb
e:\newway2-github\newway2\client\eterpythonlib\release\eterpythonlib.lib
e:\newway2-github\newway2\client\eterpythonlib\release\eterpythonlib.tlog\cl.command.1.tlog
e:\newway2-github\newway2\client\eterpythonlib\release\eterpythonlib.tlog\cl.read.1.tlog
e:\newway2-github\newway2\client\eterpythonlib\release\eterpythonlib.tlog\cl.write.1.tlog
e:\newway2-github\newway2\client\eterpythonlib\release\eterpythonlib.tlog\lib-link.read.1.tlog
e:\newway2-github\newway2\client\eterpythonlib\release\eterpythonlib.tlog\lib-link.write.1.tlog
e:\newway2-github\newway2\client\eterpythonlib\release\eterpythonlib.tlog\lib.command.1.tlog
