d:\aslan systeme gekauft\greenwaytestordner\source-client\client\effectlib\release\effectlib.pch
d:\aslan systeme gekauft\greenwaytestordner\source-client\client\effectlib\release\effectlib.pdb
d:\aslan systeme gekauft\greenwaytestordner\source-client\client\effectlib\release\stdafx.obj
d:\aslan systeme gekauft\greenwaytestordner\source-client\client\effectlib\release\effectelementbase.obj
d:\aslan systeme gekauft\greenwaytestordner\source-client\client\effectlib\release\effectmesh.obj
d:\aslan systeme gekauft\greenwaytestordner\source-client\client\effectlib\release\effectdata.obj
d:\aslan systeme gekauft\greenwaytestordner\source-client\client\effectlib\release\effectmeshinstance.obj
d:\aslan systeme gekauft\greenwaytestordner\source-client\client\effectlib\release\emitterproperty.obj
d:\aslan systeme gekauft\greenwaytestordner\source-client\client\effectlib\release\framecontroller.obj
d:\aslan systeme gekauft\greenwaytestordner\source-client\client\effectlib\release\particleproperty.obj
d:\aslan systeme gekauft\greenwaytestordner\source-client\client\effectlib\release\particlesysteminstance.obj
d:\aslan systeme gekauft\greenwaytestordner\source-client\client\effectlib\release\effectelementbaseinstance.obj
d:\aslan systeme gekauft\greenwaytestordner\source-client\client\effectlib\release\effectmanager.obj
d:\aslan systeme gekauft\greenwaytestordner\source-client\client\effectlib\release\particleinstance.obj
d:\aslan systeme gekauft\greenwaytestordner\source-client\client\effectlib\release\simplelightdata.obj
d:\aslan systeme gekauft\greenwaytestordner\source-client\client\effectlib\release\simplelightinstance.obj
d:\aslan systeme gekauft\greenwaytestordner\source-client\client\effectlib\release\type.obj
d:\aslan systeme gekauft\greenwaytestordner\source-client\client\effectlib\release\effectinstance.obj
d:\aslan systeme gekauft\greenwaytestordner\source-client\client\effectlib\release\effectupdatedecorator.obj
d:\aslan systeme gekauft\greenwaytestordner\source-client\client\effectlib\release\particlesystemdata.obj
d:\aslan systeme gekauft\greenwaytestordner\source-client\client\effectlib\release\effectlib.lib
e:\newway2-github\newway2\client\effectlib\release\effectdata.obj
e:\newway2-github\newway2\client\effectlib\release\effectelementbase.obj
e:\newway2-github\newway2\client\effectlib\release\effectelementbaseinstance.obj
e:\newway2-github\newway2\client\effectlib\release\effectinstance.obj
e:\newway2-github\newway2\client\effectlib\release\effectmanager.obj
e:\newway2-github\newway2\client\effectlib\release\effectmesh.obj
e:\newway2-github\newway2\client\effectlib\release\effectmeshinstance.obj
e:\newway2-github\newway2\client\effectlib\release\effectupdatedecorator.obj
e:\newway2-github\newway2\client\effectlib\release\emitterproperty.obj
e:\newway2-github\newway2\client\effectlib\release\framecontroller.obj
e:\newway2-github\newway2\client\effectlib\release\particleinstance.obj
e:\newway2-github\newway2\client\effectlib\release\particleproperty.obj
e:\newway2-github\newway2\client\effectlib\release\particlesystemdata.obj
e:\newway2-github\newway2\client\effectlib\release\particlesysteminstance.obj
e:\newway2-github\newway2\client\effectlib\release\simplelightdata.obj
e:\newway2-github\newway2\client\effectlib\release\simplelightinstance.obj
e:\newway2-github\newway2\client\effectlib\release\stdafx.obj
e:\newway2-github\newway2\client\effectlib\release\type.obj
e:\newway2-github\newway2\client\effectlib\release\effectlib.pch
e:\newway2-github\newway2\client\effectlib\release\effectlib.pdb
e:\newway2-github\newway2\client\effectlib\release\effectlib.lib
e:\newway2-github\newway2\client\effectlib\release\effectlib.tlog\cl.command.1.tlog
e:\newway2-github\newway2\client\effectlib\release\effectlib.tlog\cl.read.1.tlog
e:\newway2-github\newway2\client\effectlib\release\effectlib.tlog\cl.write.1.tlog
e:\newway2-github\newway2\client\effectlib\release\effectlib.tlog\lib-link.read.1.tlog
e:\newway2-github\newway2\client\effectlib\release\effectlib.tlog\lib-link.write.1.tlog
e:\newway2-github\newway2\client\effectlib\release\effectlib.tlog\lib.command.1.tlog
