d:\aslan systeme gekauft\greenwaytestordner\source-client\client\eterbase\release\eterbase.pch
d:\aslan systeme gekauft\greenwaytestordner\source-client\client\eterbase\release\eterbase.pdb
d:\aslan systeme gekauft\greenwaytestordner\source-client\client\eterbase\release\stdafx.obj
d:\aslan systeme gekauft\greenwaytestordner\source-client\client\eterbase\release\poly.obj
d:\aslan systeme gekauft\greenwaytestordner\source-client\client\eterbase\release\fileloader.obj
d:\aslan systeme gekauft\greenwaytestordner\source-client\client\eterbase\release\tempfile.obj
d:\aslan systeme gekauft\greenwaytestordner\source-client\client\eterbase\release\symbol.obj
d:\aslan systeme gekauft\greenwaytestordner\source-client\client\eterbase\release\cpostit.obj
d:\aslan systeme gekauft\greenwaytestordner\source-client\client\eterbase\release\error.obj
d:\aslan systeme gekauft\greenwaytestordner\source-client\client\eterbase\release\random.obj
d:\aslan systeme gekauft\greenwaytestordner\source-client\client\eterbase\release\stl.obj
d:\aslan systeme gekauft\greenwaytestordner\source-client\client\eterbase\release\symtable.obj
d:\aslan systeme gekauft\greenwaytestordner\source-client\client\eterbase\release\crc32.obj
d:\aslan systeme gekauft\greenwaytestordner\source-client\client\eterbase\release\debug.obj
d:\aslan systeme gekauft\greenwaytestordner\source-client\client\eterbase\release\filebase.obj
d:\aslan systeme gekauft\greenwaytestordner\source-client\client\eterbase\release\filedir.obj
d:\aslan systeme gekauft\greenwaytestordner\source-client\client\eterbase\release\lzo.obj
d:\aslan systeme gekauft\greenwaytestordner\source-client\client\eterbase\release\mappedfile.obj
d:\aslan systeme gekauft\greenwaytestordner\source-client\client\eterbase\release\tea.obj
d:\aslan systeme gekauft\greenwaytestordner\source-client\client\eterbase\release\timer.obj
d:\aslan systeme gekauft\greenwaytestordner\source-client\client\eterbase\release\utils.obj
d:\aslan systeme gekauft\greenwaytestordner\source-client\client\eterbase\release\base.obj
d:\aslan systeme gekauft\greenwaytestordner\source-client\client\eterbase\release\cipher.obj
d:\aslan systeme gekauft\greenwaytestordner\source-client\client\eterbase\release\eterbase.lib
e:\newway2-github\newway2\client\eterbase\release\base.obj
e:\newway2-github\newway2\client\eterbase\release\cipher.obj
e:\newway2-github\newway2\client\eterbase\release\cpostit.obj
e:\newway2-github\newway2\client\eterbase\release\crc32.obj
e:\newway2-github\newway2\client\eterbase\release\debug.obj
e:\newway2-github\newway2\client\eterbase\release\error.obj
e:\newway2-github\newway2\client\eterbase\release\filebase.obj
e:\newway2-github\newway2\client\eterbase\release\filedir.obj
e:\newway2-github\newway2\client\eterbase\release\fileloader.obj
e:\newway2-github\newway2\client\eterbase\release\lzo.obj
e:\newway2-github\newway2\client\eterbase\release\mappedfile.obj
e:\newway2-github\newway2\client\eterbase\release\poly.obj
e:\newway2-github\newway2\client\eterbase\release\random.obj
e:\newway2-github\newway2\client\eterbase\release\stdafx.obj
e:\newway2-github\newway2\client\eterbase\release\stl.obj
e:\newway2-github\newway2\client\eterbase\release\symbol.obj
e:\newway2-github\newway2\client\eterbase\release\symtable.obj
e:\newway2-github\newway2\client\eterbase\release\tea.obj
e:\newway2-github\newway2\client\eterbase\release\tempfile.obj
e:\newway2-github\newway2\client\eterbase\release\timer.obj
e:\newway2-github\newway2\client\eterbase\release\utils.obj
e:\newway2-github\newway2\client\eterbase\release\eterbase.pch
e:\newway2-github\newway2\client\eterbase\release\eterbase.pdb
e:\newway2-github\newway2\client\eterbase\release\eterbase.lib
e:\newway2-github\newway2\client\eterbase\release\eterbase.tlog\cl.command.1.tlog
e:\newway2-github\newway2\client\eterbase\release\eterbase.tlog\cl.read.1.tlog
e:\newway2-github\newway2\client\eterbase\release\eterbase.tlog\cl.write.1.tlog
e:\newway2-github\newway2\client\eterbase\release\eterbase.tlog\lib-link.read.1.tlog
e:\newway2-github\newway2\client\eterbase\release\eterbase.tlog\lib-link.write.1.tlog
e:\newway2-github\newway2\client\eterbase\release\eterbase.tlog\lib.command.1.tlog
