d:\aslan systeme gekauft\greenwaytestordner\source-client\client\eterpack\release\eterpack.pch
d:\aslan systeme gekauft\greenwaytestordner\source-client\client\eterpack\release\eterpack.pdb
d:\aslan systeme gekauft\greenwaytestordner\source-client\client\eterpack\release\stdafx.obj
d:\aslan systeme gekauft\greenwaytestordner\source-client\client\eterpack\release\eterpackcursor.obj
d:\aslan systeme gekauft\greenwaytestordner\source-client\client\eterpack\release\eterpackmanager.obj
d:\aslan systeme gekauft\greenwaytestordner\source-client\client\eterpack\release\eterpackpolicy_cshybridcrypt.obj
d:\aslan systeme gekauft\greenwaytestordner\source-client\client\eterpack\release\eterpack.obj
d:\aslan systeme gekauft\greenwaytestordner\source-client\client\eterpack\release\md5.obj
d:\aslan systeme gekauft\greenwaytestordner\source-client\client\eterpack\release\eterpack.lib
e:\newway2-github\newway2\client\eterpack\release\eterpack.obj
e:\newway2-github\newway2\client\eterpack\release\eterpackcursor.obj
e:\newway2-github\newway2\client\eterpack\release\eterpackmanager.obj
e:\newway2-github\newway2\client\eterpack\release\eterpackpolicy_cshybridcrypt.obj
e:\newway2-github\newway2\client\eterpack\release\md5.obj
e:\newway2-github\newway2\client\eterpack\release\stdafx.obj
e:\newway2-github\newway2\client\eterpack\release\eterpack.pch
e:\newway2-github\newway2\client\eterpack\release\eterpack.pdb
e:\newway2-github\newway2\client\eterpack\release\eterpack.lib
e:\newway2-github\newway2\client\eterpack\release\eterpack.tlog\cl.command.1.tlog
e:\newway2-github\newway2\client\eterpack\release\eterpack.tlog\cl.read.1.tlog
e:\newway2-github\newway2\client\eterpack\release\eterpack.tlog\cl.write.1.tlog
e:\newway2-github\newway2\client\eterpack\release\eterpack.tlog\lib-link.read.1.tlog
e:\newway2-github\newway2\client\eterpack\release\eterpack.tlog\lib-link.write.1.tlog
e:\newway2-github\newway2\client\eterpack\release\eterpack.tlog\lib.command.1.tlog
